  406  ls
  407  cd hadoop
  408  ls
  409  sudo edit yarn-site.xml
  410  sudo gedit yarn-site.xml
  411  cd ..
  412  ls
  413  source .bash_profile
  414  hdfs namenode -format
  415  ls
  416  cd opt
  417  cd hadoop-3.1.3/
  418  cd hdfs
  419  ls
  420  cd ..
  421  ls
  422  cd ..
  423  hdfs namenode -format
  424  source .bash_profile
  425  hdfs namenode -format
  426  path
  427  echo $PATH
  428  cat .bash_profile
  429  sudo gedit .bash_profile
  430  source .bash_profile
  431  path
  432  echo $PATH
  433  hdfs namenode -format
  434  cd opt
  435  cd hadoop-3.1.3/
  436  cd etc
  437  cd hadoop
  438  ls
  439  sudo gedit yarn-site.xml
  440  ls
  441  cat core-site.xml
  442  cd ..
  443  cd ~
  444  hdfs namenode -format
  445  ls
  446  cd opt/hadoop-3.1.3/
  447  cd etc/hadoop
  448  ls
  449  cat yarn-site.xml
  450  echo $PATH
  451  cd ..
  452  source .bash_profile
  453  hdfs namenode -format
  454  cd opt/hadoop-3.1.3/etc/hadoop
  455  ls
  456  cat yarn-en.sh
  457  cat yarn-env.sh
  458  ls
  459  mv hadoop-3.1.3/ opt
  460  cd opt
  461  ls
  462  cd hadoop-3.1.3/
  463  mkdir hdfs
  464  cd hdfs
  465  ls
  466  mkdir namenode
  467  mkdir datanode
  468  ls
  469  cd ..
  470  cd hadoop
  471  ls
  472  cd etc
  473  ls
  474  cd hadoop
  475  sudo gedit hdfs-site.xml
  476  sudo gedit download_hadoop.sh
  477  ls
  478  download_hadoop
  479  download_hadoop.sh
  480  source download_hadoop.sh
  481  ls
  482  cd opt
  483  ls
  484  rm -rf hadoop-3.1.3/
  485  ls
  486  mv ../hadoop-3.1.3.tar.gz .
  487  ls
  488  tar xzf hadoop-3.1.3.tar.gz 
  489  ls
  490  cd hadoop-3.1.3
  491  ls
  492  mkdir hdfs
  493  cd hdfs
  494  mkdir namenode
  495  mkdir datanode
  496  cd ..
  497  ls
  498  cd etc/hadoop
  499  ls
  500  sudo gedit hadoop-env.sh
  501  cd ~
  502  cat .bash_profile
  503  cd opt
  504  cd hadoop-3.1.3/
  505  cd etc/hadoop
  506  sudo gedit hadoop-env.sh
  507  cd ..
  508  pwd
  509  cd etc/hadoop
  510  sudo gedit mapred-site.xml
  511  cd etc/hadoop
  512  ls
  513  sudo gedit yarn-site.xml
  514  cat hdfs-site.xml
  515  ls
  516  cat hdfs-site.xml 
  517  sudo gedit hdfs-site.xml 
  518  cat hadoop_env.sh
  519  cat hadoop-env.sh
  520  cd ~
  521  ls
  522  cat .bash_profile
  523  source .bash_profile
  524  hdfs namenode -format
  525  start-all.sh
  526  jps
  527  cd opt
  528  cd hadoop-3.1.3/
  529  ls
  530  cd hdfs
  531  ls
  532  ls datanode
  533  ls namenode
  534  cd ..
  535  cd etc/hadoop
  536  ls
  537  cat core-site.xml
  538  history | more
  539  cd ~
  540  cd Documents
  541  ls
  542  cd bigdata_Plumbers/
  543  ls
  544  history | more
  545  cd opt
  546  ls
  547  cd Python-3.8.3
  548  source .bash_profile
  549  path
  550  echo $PYTHON_HOME
  551  cd ..
  552  source .bash_profile
  553  cat .bash_profile
  554  echo $PYTHON_HOME
  555  ls
  556  cd Downloads
  557  ls
  558  pwd
  559  mv 'hr - hr.csv' hr-hr.csv
  560  ls
  561  cd/
  562  cd .
  563  cd ..
  564  cd /etc/my.cnf
  565  /usr/bin
  566  cd /usr/bin/mysql
  567  ls
  568  cd etc
  569  cd mysql
  570  ls
  571  sudo gedit mysql.cnf
  572  sudo gedit my.cnf
  573  pwd
  574  ls
  575  mv hr-hr.csv hr-hr.csv.bak
  576  mv 'hr - hr.csv' hr-hr.csv
  577  cat hr-hr.csv | more
  578  ls *.csv
  579  ls
  580  ls -l
  581  ls
  582  cd ..
  583  ls
  584  cd Documents
  585  ls
  586  cd ..
  587  ls
  588  cd Downloads
  589  ls
  590  cat Employees.csv | more
  591  ls -l
  592  ls
  593  mv 'db_plumbers - employee.csv' db_plumbers-employee.csv
  594  mv 'db_plumbers - hr.csv' db_plumbers-hr.csv
  595  ls
  596  cd ..
  597  ls
  598  la -a
  599  cd Downloads
  600  ls
  601  exit
  602  cd opt/hadoop-3.1.3/
  603  pwd
  604  cd ..
  605  ls
  606  cd jdk1.8.0_221
  607  pwd
  608  cd ~
  609  java -version
  610  cd opt
  611  cd hadoop-3.1.3/
  612  cd etc/hadoop
  613  ls
  614  sudo gedit core-site.xml
  615  sudo gedit hdfs-site.xml
  616  ls
  617  cd ..
  618  ls
  619  cd hdfs
  620  ls
  621  cd $HOME
  622  sudo apt update
  623  sudo apt install software-properties-common
  624  sudo add-apt-repository ppa:deadsnakes/ppa
  625  sudo apt install python3.7
  626  python3.7 --version
  627  cat .bash_profile
  628  la -a
  629  cd Downloads
  630  ls
  631  cd ..
  632  cd opt
  633  ls
  634  cd ..
  635  ls
  636  path
  637  echo $PATH
  638  python3.7
  639  whereis python3.8
  640  whereis python3.7
  641  jps
  642  source .bash_profile
  643  start-all.sh
  644  jps
  645  hdfs dfs -mkdir /temp
  646  hdfs dfs -ls /
  647  cd Documents/
  648  ls
  649  echo "test" > test.txt
  650  ls
  651  mv test.txt test1.txt
  652  hdfs dfs -put test1.txt /temp
  653  cd opt/hadoop-3.1.3/
  654  cd lib
  655  ls
  656  cd ../opt/hadoop-3.1.3
  657  cd lib
  658  ls
  659  cd $HOME/Documents
  660  hdfs dfs -put test1.txt /temp1
  661  hdfs dfs -ls /temp
  662  hdfs dfs -cat /temp/test1.txt
  663  cd $HOME/Downloads
  664  ls *.txt
  665  ls
  666  cd ..
  667  ls
  668  cd Documents
  669  ls
  670  cd ..
  671  cd Downloads
  672  ls
  673  cd ..
  674  ls
  675  cd Documents
  676  ls
  677  cd ..
  678  cd Downloads
  679  ls
  680  hdfs dfs -ls
  681  hdfs dfs -ls /
  682  hdfs dfs -ls /temp
  683  hdfs dfs -ls /temp1
  684  hdfs dfs -ls /
  685  hdfs dfs -mkdir /temp2
  686  hdfs dfs -ls /
  687  hdfs dfs -mv Shakespeare.txt /temp2
  688  ls *.txt
  689  hdfs dfs -put Shakespeare.txt /temp2
  690  hdfs dfs -ls /temp2
  691  hdfs dfs -ls /
  692  source .bash_profile
  693  start-all.sh
  694  start
  695  cd ..
  696  start
  697  start-yarn.sh
  698  start-dfs.sh
  699  jps
  700  start-yarn.cmd
  701  whereis start-yarn.cmd
  702  pip install --upgrade pip
  703  pip3 install --upgrade pip
  704  sudo apt install python3-pip
  705  pip3 install --upgrade pip
  706  pip3 install --upgrade -r requirements.txt
  707  cat .bash_profile
  708  python
  709  python3
  710  whereis python3
  711  cd /usr/bin/python3
  712  cd /usr/bin
  713  ls
  714  ls python*.*
  715  cd/$HOME
  716  cd /$HOME
  717  cat .bash_profile
  718  pip3 install pydoop
  719  sudo gedit wc.py
  720  sudo gedit stop.txt
  721  pydoop script wc.py hdfs_input hdfs_output --upload-file-to-cache stop.txt
  722  sudo apt-get install build-essential python-dev
  723  echo $HADOOP_HOME
  724  python3 setup.py build
  725  pydoop script wc.py hdfs_input hdfs_output --upload-file-to-cache stop.txt
  726  pip3 install pydoop
  727  cd /usr/lib/python3
  728  ls
  729  cd dist-packages
  730  ls
  731  ls py*.*
  732  ls
  733  ls | more
  734  ls
  735  pip3 install pydoop
  736  whereis python3
  737  cat .bash_profile
  738  sudo apt-get install build-essential checkinstall
  739  sudo apt-get install libreadline-gplv2-dev libncursesw5-dev libssl-dev     libsqlite3-dev tk-dev libgdbm-dev libc6-dev libbz2-dev libffi-dev zlib1g-dev
  740  cd opt
  741  sudo wget https://www.python.org/ftp/python/3.8.3/Python-3.8.3.tgz
  742  sudo tar xzf Python-3.8.3.tgz 
  743  ls
  744  cd Python-3.8.3/
  745  sudo ./Configure --enable-optimizations
  746  sudo ./configure --enable-optimizations
  747  sudo make altinstall
  748  python 3.8 -V
  749  python3.8 -V
  750  cd ..
  751  ls
  752  rm Python-3.8.3.tgz
  753  ls
  754  cd ..
  755  cat .bash_profile
  756  sudo gedit .bash_profile
  757  cat .bash_profile
  758  echo $PYTHON_HOME
  759  source .bash_profile
  760  echo $PATH
  761  python3.8 -V
  762  pip install mrjob
  763  pip3 install mrjob
  764  sudo gedit mr_word_count.y
  765  ls
  766  mv mr_word_count.y mr_word_count.py
  767  ls
  768  python3.8.3 mr_word_count.py stop.txt
  769  ls
  770  cd opt
  771  ls
  772  python3.8.3
  773  cd Python-3.8.3
  774  cd bin
  775  ls
  776  cd ..
  777  ls
  778  python3.8 mr_word_count.py stop.txt
  779  ls
  780  cd Documents
  781  ls
  782  cd ..
  783  cd Downloads
  784  ls
  785  cp Shakespeare.txt ..
  786  cd ..
  787  ls
  788  sudo gedit Shakespeare.txt
  789  sudo gedit test.txt
  790  cat test.txt
  791  ls
  792  sudo gedit test.py
  793  python3.8 test.py test.txt
  794  cat test.txt
  795  hdfs dfs -put test.txt /temp2
  796  hdfs dfs -ls /temp2
  797  hdfs dfs -pwd /temp2
  798  hdfs dfs -ls /temp2
  799  python3.8 test.py test.txt
  800  python3.8 test.py test.txt
  801  hdfs dfs -ls /temp2
  802  hdfs dfs -ls 
  803  pwd
  804  hdfs dfs -ls /user/field/temp2
  805  hdfs dfs -ls /
  806  hadoop fs -ls /
  807  hadoop fs -ls /field
  808  hadoop fs -ls hdfs://
  809  hadoop fs -ls hdfs:///temp2
  810  hadoop fs -ls hdfs:///temp2/teset.txt
  811  hadoop fs -ls hdfs:///temp2/test.txt
  812  python3.8 test.py -r hadoop hdfs:///temp2/test.txt
  813  hadoop fs -ls hdfs:///temp2/test.txt
  814  python3.8 test.py test.txt --output-dir hdfs://temp2/test.out
  815  python3.8 test.py test.txt --output-dir hdfs:///temp2/test.out
  816  hdfs dfs -ls hdfs:///temp2
  817  ls
  818  cat test.py
  819  python3.8 test.py test.txt 
  820  cp test.py mapreduce.py
  821  ls *.txt
  822  python3.8 mapreduce.py Shakespeare.txt
  823  python3.8 mapreduce.py Shakespeare.txt > t.out
  824  cat t.out | more
  825  sudo apt-get update
  826  sudo apt-get install mysql server
  827  sudo apt-get install mysql -server5.7
  828  sudo apt-get install mysql -server
  829  cd Downloads
  830  ls *.odt
  831  cat 'mySQL server Install.odt' | more
  832  cd ..
  833  cd Downloads
  834  dir *.odt
  835  clear
  836  cls
  837  ls
  838  sudo apt-get mysql-server
  839  sudo apt-get install mysql-server
  840  sudo ufw enable
  841  sudo ufw allow mysql
  842  sudo systemctl start mysql
  843  systemctl status mysql service
  844  update mysql.user set authentication_string=password('password') where user='root'
  845  update mysql.user set authentication_string=password('password') where user='root';
  846  UPDATE mysql.user SET authentication_string=PASSWORD('password') where user='root';
  847  UPDATE mysql.user SET authentication_string = PASSWORD('password') where user='root';
  848  UPDATE mysql.user SET authentication_string = PASSWORD('password') where User='root';
  849  UPDATE mysql.user SET authentication_string = PASSWORD('password') where User = 'root';
  850  UPDATE mysql.user SET authentication_string = PASSWORD("'password'") where User = 'root';
  851  UPDATE mysql.user SET authentication_string = "PASSWORD"('password') where User = 'root';
  852  UPDATE mysql.user SET authentication_string = "PASSWORD(password)" where User = 'root';
  853  mysql
  854  /usr/bin/mysql -u root -p
  855  sudo /usr/bin/mysql -u root -p
  856  ls
  857  exit
  858  ls
  859  mv "100 Records.csv" hr.csv
  860  ls
  861  sudo /usr/bin/mysql -u root -p
  862  sudo mysql --local-infile=1 -u root -pl
  863  exit
  864  ls
  865  wget -qO- https://deb.opera.com/archive.key | sudo apt-key add -
  866  sudo add-apt-repository "deb [arch=i386,amd64] https://deb.opera.com/opera-stable/ stable non-free"
  867  sudo apt install opera-stable
  868  ls
  869  sudo /usr/bin/mysql -u root -p
  870  mysql --local-infile=1 -u root -p1
  871  sudo mysql --local-infile=1 -u root -p1
  872  ls
  873  cd Documents
  874  ls
  875  dir
  876  ls -l
  877  cd ..
  878  cd Documents
  879  ls
  880  cd bigdata_Plumbers
  881  ls
  882  mkdir 003_MRJOBS_MapReduce
  883  mkdir 004_MySQL
  884  mkdir 000_IBM_Certifications
  885  cd ~/Downloads
  886  ls
  887  cp db_plumbers-employee.csv ../Documents/bigdata_Plumbers
  888  cp db_plumbers-hr.csv ../Documents/bigdata_Plumbers
  889  cp SQL-solution-John-Shia.odt ../Documents/bigdata_Plumbers
  890  ls
  891  cd ..
  892  ls
  893  cp mapreduce.py Documents/bigdata_Plumbers
  894  cp Shakespeare.txt Documents/bigdata_Plumbers
  895  more < t.out
  896  ls t.out
  897  mv t.out mapreduce_output.txt
  898  mv mapreduce_output.txt Documents/bigdata_Plumber
  899  ls
  900  cd Documents
  901  ls
  902  cd ..
  903  ls
  904  cd Downloads
  905  ls
  906  cd ..
  907  cd Documents
  908  ls
  909  cat bigdata_Plumber
  910  ls
  911  mv bigdata_Plumber mapreduce_output.txt
  912  ls
  913  cat test1.txt
  914  mv 'IBMDeveloperSkillsNetwork CC0101EN Certificate _ Cognitive Class.pdf' bigdata_Plumbers
  915  mv 'Cognitive Class BD0101EN Certificate _ Cognitive Class.pdf' bigdata_Plumbers
  916  ls
  917  mv mapreduce_output.txt bigdata_Plumbers
  918  cd bigdata_Plumbers
  919  ls
  920  mv 'Cognitive Class BD0101EN Certificate _ Cognitive Class.pdf'  000_IBM_Certifications/
  921  mv 'IBMDeveloperSkillsNetwork CC0101EN Certificate _ Cognitive Class.pdf' 000_IBM_Certifications/
  922  ls
  923  mv db_plumbers-employee.csv 004_MySQL
  924  mv db_plumbers-hr.csv 004_MySQL
  925  mv mapreduce.py 003_MRJOBS_MapReduce/
  926  mv mapreduce_output.txt 003_MRJOBS_MapReduce/
  927  ls
  928  mv Shakespeare.txt 003_MRJOBS_MapReduce/
  929  mv SQL-solution-John-Shia.odt 004_MySQL
  930  ls
  931  git add .
  932  git commit -m "update"
  933  git push origin master
  934  history > history.out
  935  sudo gedit history.out
  936  ls
  937  git add 000_IBM_Certifications
  938  git add 003_MRJOBS_MapReduce/
  939  git add 002_wordCount/
  940  git commit -m "update"
  941  git push
  942  git pull
  943  cd 001_installation/readme.txt
  944  cd 001_installation/
  945  ls
  946  cat readme.txt
  947  del readme.txt
  948  rm -rf readme.txt
  949  ls
  950  cd ..
  951  git pull
  952  git add/rm
  953  git --help
  954  git merge
  955  git add 001_installation/
  956  git pull
  957  ls
  958  la -a
  959  cd 001_installation
  960  ls
  961  la -a
  962  ls
  963  cd ..
  964  git add .
  965  git commit -m "update"
  966  git push origin master
  967  cd ..
  968  sudo apt-get update
  969  nc 
  970  nc localhost 9600 -l
  971  ls *.sh
  972  cat hadoopstatus.sh
  973  ls *.sh
  974  cp download_hadoop.sh Documents/bigdata_Plumbers/
  975  cd Documents/bigdata_Plumbers/
  976  ls
  977  copy download_hadoop.sh 100_SCRIPTS
  978  cp download_hadoop.sh 100_SCRIPTS/
  979  ls
  980  exit
  981  sudo gedit listports.sh
  982  hostname -I
  983  . listport.sh 192.168.0.175 0 1023
  984  ls
  985  . listports.sh 192.168.0.175 0 1023
  986  ./listports.sh 192.168.0.175 1023
  987  chmod +x listports.sh
  988  sudo chmod +x listports.sh
  989  ./listports.sh 192.168.0.175 1023
  990  sudo gedit listports.sh
  991  cd Documents/bigdata_Plumbers
  992  cd 100_SCRIPTS/
  993  ls
  994  cat hadoopstatus.sh
  995  . listports.sh
  996  cat listports.sh
  997  cd ~
  998  ls
  999  la -s
 1000  ls
 1001  cd Documents/bigdata_Plumbers
 1002  ls
 1003  cd ~
 1004  ls
 1005  ls listports.sh
 1006  . listports.sh
 1007  . listports.sh | more
 1008  sudo gedit listports.sh
 1009  . listports.sh
 1010  . listports.sh > t.out
 1011  sudo gedit t.out
 1012  cat listports.sh
 1013  hostname -I
 1014  start-all.sh
 1015  jps
 1016  ls
 1017  . hadoopstatus.sh
 1018  sudo gedit hadoopstatus.sh
 1019  . hadoopstatus.sh
 1020  sudo gedit hadoopstatus.sh
 1021  . hadoopstatus.sh
 1022  sudo gedit hadoopstatus.sh
 1023  . hadoopstatus.sh
 1024  cd opt
 1025  cd hadoop
 1026  ls
 1027  cd hadoop-3.1.3
 1028  ls
 1029  cd etc
 1030  ls
 1031  cd hadoop
 1032  ls
 1033  cd ..
 1034  cd bin
 1035  ls
 1036  cd hadoop
 1037  cd ..
 1038  ls
 1039  cd sbin
 1040  ls
 1041  cd ~
 1042  . stop-all.sh
 1043  . hadoopstatus.sh
 1044  copy hadoopstatus Documents/bigdata_Plumbers
 1045  copy hadoopstatus Documents/bigdata_Plumber
 1046  cp hadoopstatus.sh Documents/bigdata_Plumber
 1047  cd Documents/bigdata_Plumber
 1048  cd Documents
 1049  ls
 1050  mv bigdata_Plumber hadoopstatus.sh
 1051  cat hadoopstatus.sh
 1052  mv hadoopstatus.sh bigdata_Plumbers
 1053  ls
 1054  cd bigdata_Plumbers
 1055  ls
 1056  cp hadoopstatus.sh 100_SCRIPTS/
 1057  cp hadoopstatus.sh 005_BASH_CLUSTER_Setup/
 1058  ls
 1059  cp updategit.sh 100_SCRIPTS/
 1060  . updategit.sh
 1061  ls
 1062  sudo gedit getgit.sh
 1063  ls
 1064  cp getgit.sh 100_SCRIPTS/
 1065  cp *.sh 100_SCRIPTS/
 1066  rm download_hadoop.sh 
 1067  rm hadoopstatus.sh
 1068  ls
 1069  cat updategit.sh
 1070  . updategit.sh
 1071  ls
 1072  ls 110_CERTIFICATES/
 1073  ls 
 1074  . getgit.sh
 1075  ls
 1076  ls 110_CERTIFICATES/
 1077  cd ..
 1078  history > history.out
 1079  sudo gedit history.out
 1080  nc localhost 9600
 1081  nc localhost 9600 -l
 1082  sudo apt-update
 1083  nc localhost 9600 -l
 1084  ip addr
 1085  cd Documents
 1086  ls
 1087  cd bigdata_Plumbers
 1088  ls
 1089  mkdir 005_BASH_CLUSTER_Setup
 1090  cd 005_BASH_CLUSTER_Setup/
 1091  echo "">readme.txt
 1092  cd ..
 1093  git add .
 1094  git commit -m "update"
 1095  git push origin master
 1096  ip addr show
 1097  ipconfig
 1098  ifconfig
 1099  sudo apt instlal net-tools
 1100  sudo apt install net-tools
 1101  ifconfig
 1102  hostname -I
 1103  ip addr show
 1104  ifconfig
 1105  hostname -I
 1106  service iptables stop
 1107  sudo chkconfig
 1108  sudo ufw disable
 1109  ls
 1110  cd ..
 1111  cd bigdata_Plumbers
 1112  ls
 1113  mkdir 100_SCRIPTS
 1114  mkdir 101_NOTES
 1115  mkdir 102_MATERIAL
 1116  echo "" > 100_SCRIPTS/readme.txt
 1117  echo "" > 101_NOTES/readme.txt
 1118  echo ""> 102_MATERIAL/readme.txt
 1119  dir
 1120  sudo gedit update_git.sh
 1121  ls
 1122  . update_git.sh
 1123  ls
 1124  mkdir 110 CERTIFICATES_GENERAL
 1125  ls
 1126  rmdir 110
 1127  rmdir CERTIFICATES_GENERAL/
 1128  mkdir 102_CERTIFICATES_GENERAL
 1129  ls
 1130  rmdir 102_CERTIFICATES_GENERAL/
 1131  ls
 1132  mkdir 110_CERTIFICATES
 1133  echo ""> 110_CERTIFICATES/readme.txt
 1134  ls 004_MySQL
 1135  update_git
 1136  . update_git.sh
 1137  mv update_git.sh updategit.sh
 1138  sudo gedit updategit.sh
 1139  updategit.sh
 1140  . updategit.sh
 1141  ls
 1142  cat updategit.sh
 1143  . updategit.sh
 1144  cd ..
 1145  ls
 1146  cat download_hadoop.sh
 1147  cd Downloads
 1148  ls
 1149  ls *.sh
 1150  cd ..
 1151  ls *.sh
 1152  history > t.out
 1153  sudo gedit t.out
 1154  sudo gedit hadoopstatus.sh
 1155  jps
 1156  ls
 1157  sudo gedit hadoopstatus.sh
 1158  . hadoopstatus.sh
 1159  sudo gedit .bash_profile
 1160  source .bash_profile
 1161  sqoop version
 1162  mysql -u user -p -e 'SHOW TABLES FROM data_plumber;'
 1163  sudo mysql -u user -p -e 'SHOW TABLES FROM data_plumber;'
 1164  java --version
 1165  java -version
 1166  hadoop version
 1167  cd Documents/bigdata_Plumber
 1168  ls
 1169  cd Documents
 1170  ls
 1171  cd bigdata_Plumbers
 1172  ls
 1173  mkdir 006_Sqoop_and_CodingPractice
 1174  echo "" > 006_Sqoop_and_CodingPractice/readme.txt
 1175  dir *.sh
 1176  . updategit.sh
 1177  hostname -I
 1178  hostname -i
 1179  hostname -I
 1180  hostname -help
 1181  cls
 1182  clear
 1183  hostname -I
 1184  nc 192.168.0.175 1234
 1185  nc 10.0.2.15 1234
 1186  nc -l 1234
 1187  nc 192.168.0.175 1234 -l
 1188  hostname -I
 1189  nc -zv 192.168.0.175
 1190  nc -zv host.example.com 20-30
 1191  sudo apt-get install netcat
 1192  nc -l -p 31337
 1193  ifconfig
 1194  nc -l -p 31337
 1195  netcat -z -n -v 192.168.0.192 1-1000 2>&1 | grep succeeded
 1196  netcat -z -n -v 192.168.0.192 1-1000
 1197  netcat -z -n -v 192.168.0.192 1-1000 > t.out
 1198  netcat -z -n -v 192.168.0.192 1-1000 >& t.out
 1199  more < t.out
 1200  nc 192.168.0.192 2222
 1201  sudo lsof -i -P -n | grep LISTEN
 1202  sudo lsof -i -P -n | more
 1203  cls
 1204  clear
 1205  fdasfasd
 1206  ifconfig
 1207  nc 192.168.0.192 9600 -l
 1208  nc 127.0.0.1 9600 -l
 1209  sudo services ssh status
 1210  ssh rahib@127.0.0.1
 1211  nc 127.0.0.1 9600 -l
 1212  nc 192.168.0.192 9600 -l
 1213  ifconfig
 1214  nc -l 9600
 1215  hostname -I
 1216  nc -v -w 192.168.0.175 9600
 1217  sudo apt flameshot
 1218  sudo apt-install flameshot
 1219  sudo apt install flameshot
 1220  nc 192.168.0.192 9600
 1221  hello
 1222  nc 192.168.0.192 9600
 1223  cat download_hadoop.sh
 1224  nc 10.0.2.15 9600
 1225  hello
 1226  how are you?
 1227  ipconfig
 1228  ifconfig
 1229  ip address
 1230  nc 9600 -l
 1231  nc 10.0.2.15 9600
 1232  nc  9600
 1233  nc 9600 -l
 1234  nc 10.1.10.205 9600 -l
 1235  ip address
 1236  ifconfig
 1237  ifconfig | grep "inet "
 1238  ip address | grep "inet "
 1239  hostname -I | grep "inet "
 1240  hostname -I
 1241  nc 9600 -l
 1242  nc 10.0.2.15 9600 -l
 1243  nc 10.0.2.15 9600
 1244  ip address
 1245  nc 10.1.10.205 9600 -l
 1246  ip address
 1247  nc 10.0.2.15 9600
 1248  nc 10.1.10.205 9600
 1249  ip address
 1250  nc 10.1.10.205 9600 -l
 1251  nc 10.1.10.222 9600
 1252  sudo vi test.txt
 1253  history>t.out
 1254  sudo gedit t.out
 1255  cd .ssh
 1256  cat authorized_keys 
 1257  cd ..
 1258  cd /etc
 1259  cat hosts
 1260  cat hostname
 1261  cd $HOME
 1262  cd opt
 1263  ls
 1264  cd hadoop-3.1.3
 1265  cd etc/hadoop
 1266  ls workers
 1267  cat workers
 1268  cd/
 1269  cd ~
 1270  sudo apt-update
 1271  sudo apt-install update
 1272  history | grep "sudo"
 1273  history | grep "sudo apt"
 1274  sudo apt update
 1275  cd opt
 1276  wget http://archive.apache.org/dist/sqoop/1.4.7/sqoop-1.4.7.bin__hadoop-2.6.0.tar.gz
 1277  ls
 1278  sudo tar xvf sqoop-1.4.7.bin__hadoop-2.6.0.tar.gz 
 1279  ls
 1280  rm -rf sqoop-1.4.7.bin__hadoop-2.6.0.tar.gz
 1281  ls
 1282  mv sqoop-1.4.7.bin__hadoop-2.6.0/ sqoop-1.4.7
 1283  ls
 1284  cd sqoop-1.4.7/
 1285  pwd
 1286  sudo gedit .bashrc
 1287  cd ..
 1288  sudo gedit .bashrc
 1289  cd opt
 1290  cd sqoop-1.4.7/
 1291  ls
 1292  cd conf
 1293  ls
 1294  mv sqoop-env-template.sh sqoop-env.sh
 1295  ls
 1296  sudo gedit sqoop-env.sh
 1297  sqoop
 1298  echo $PATH
 1299  sqoop version
 1300  cd $HOME
 1301  source .bash_profile
 1302  sqoop version
 1303  sudo gedit .bashrc
 1304  cd /var/lib/mysql
 1305  sudo cd /var/lib/mysql
 1306  sudo ls /var/lib/mysql
 1307  history | grep "mysql"
 1308  sudo mysql --local-infile=1 -u root -p1
 1309  cd opt
 1310  ls
 1311  sudo tar -xvf eclipse-inst-linux64.tar.gz 
 1312  ls
 1313  sudo snap install eclipse --classic
 1314  ls
 1315  sudo tar -xvzf ~/Downloads/eclipse-jee-2019-09-R-linux-gtk-x86_64.tar.gz
 1316  cd eclipse-installer
 1317  ls
 1318  cd ..
 1319  rm -rf eclipse-installer
 1320  sudo rm -rf eclipse-inst
 1321  ls
 1322  sudo rm -rf eclipse-installer
 1323  ls
 1324  sudo tar -xvzf ~/Downloads/eclipse-jee-2019-09-R-linux-gtk-x86_64.tar.gz
 1325  ls
 1326  sudo tar -xvzf eclipse-inst-linux64.tar.gz 
 1327  ls eclipse.desktop
 1328  ls
 1329  cd eclipse-installer
 1330  ls
 1331  eclipse-inst
 1332  cat eclipse-inst
 1333  sudo apt update
 1334  sudo apt install -y wget
 1335  sudo apt install -y openjdk-8-jdk
 1336  java -version
 1337  wget http://ftp.jaist.ac.jp/pub/eclipse/technology/epp/downloads/release/2019-03/R/eclipse-java-2019-03-R-linux-gtk-x86_64.tar.gz
 1338  sudo tar -zxvf eclipse-java-2019-*-R-linux-gtk-x86_64.tar.gz -C /usr/
 1339  sudo ln -s /usr/eclipse/eclipse /usr/bin/eclipse
 1340  sudo nano /usr/share/applications/eclipse.desktop
 1341  eclipse
 1342  sudo bigdata_Plumbers.sh
 1343  sudo gedit class.sh
 1344  ls
 1345  . class.sh
 1346  ls
 1347  cd 002_wordCount
 1348  ls
 1349  l mapreduce-wordcount-shia.py 
 1350  more < mapreduce-wordcount-shia.py 
 1351  ls
 1352  less python-mapreduce-data-flow.jpg 
 1353  man less
 1354  man list
 1355  sqoop version
 1356  sqoop -version
 1357  cd $HOME
 1358  sqoop import --connect jdbc:mysql://localhost/data_plumber --username root --table employee --m 1
 1359  sudo apt-get install mysql-connector-java*
 1360  sudo add-apt- repository ppa:webupd8team/java
 1361  sudo add-apt-repository ppa:webupd8team/java
 1362  sudo apt-get update
 1363  sudo apt-get install oracle-java8-installer
 1364  sudo rm /etc/apt/sources.list.d/webupd8team-java.list
 1365  sudo apt update
 1366  sudo add-apt-repository ppa:webupd8team/java
 1367  sudo apt-get update
 1368  sudo apt-get install oracle-java8-installer
 1369  sudo apt update && sudo apt upgrade
 1370  sudo add-apt-repository ppa:linuxuprising/java
 1371  sudo apt install oracle-java12-installer
 1372  java -version
 1373  cd Downloads
 1374  ls
 1375  mv mysql-connector-java-2.0.14.tar.gz ../opt
 1376  cd ../opt
 1377  ls
 1378  tar -zxf mysql-connector-java-2.0.14.tar.gz 
 1379  sudo tar -zxf mysql-connector-java-2.0.14.tar.gz 
 1380  cd ..
 1381  cd Downloads
 1382  ls
 1383  cd ..
 1384  sqoop import --connect jdbc:mysql://localhost/data_plumber --username root --table employee --m 1
 1385  cd opt
 1386  cd sqoop/lib
 1387  ls
 1388  cd sqoop-1.4.7/
 1389  ls
 1390  cd lib
 1391  ls
 1392  cd /bin/sqoop
 1393  whereis mysql-connector
 1394  sudo tar -zxf mysql-connector-java-2.0.14.tar.gz cd ~/opt
 1395  cd ~/opt
 1396  ls
 1397  cd mysql-connector-java-2.0.14/
 1398  ls
 1399  cp mysql-connector-java-2.0.14-bin.jar ~/opt/sqoop-1.4.7/lib
 1400  cd ~
 1401  sqoop import --connect jdbc:mysql://localhost/data_plumber --username root --table employee --m 1
 1402  history > t.out
 1403  su gedit t.out
 1404  sudo gedit t.out
 1405  history > hist000.out
