"COUNTRY: {"CONTINENT", "POPULATION", "TOTAL CASES", "TOTAL DEATHS", "TOTAL TESTS"}
China: {'continent': 'Asia', 'population': 1439323776, 'cases': 83891, 'deaths': 4634, 'tests': 90410000}
Italy: {'continent': 'Europe', 'population': 60455229, 'cases': 246286, 'deaths': 35112, 'tests': 6586123}
Spain: {'continent': 'Europe', 'population': 46755958, 'cases': 319501, 'deaths': 28432, 'tests': 6320836}
USA: {'continent': 'North-America', 'population': 331139904, 'cases': 4396407, 'deaths': 150011, 'tests': 54438003}
Germany: {'continent': 'Europe', 'population': 83803229, 'cases': 207043, 'deaths': 9203, 'tests': 7418812}
Iran: {'continent': 'Asia', 'population': 84065313, 'cases': 293606, 'deaths': 15912, 'tests': 2353532}
France: {'continent': 'Europe', 'population': 65282797, 'cases': 180528, 'deaths': 30192, 'tests': 2982302}
S-Korea: {'continent': 'Asia', 'population': 51272411, 'cases': 14175, 'deaths': 299, 'tests': 1526974}
Switzerland: {'continent': 'Europe', 'population': 8659053, 'cases': 34477, 'deaths': 1978, 'tests': 764894}
UK: {'continent': 'Europe', 'population': 67911333, 'cases': 300111, 'deaths': 45759, 'tests': 14981525}
Netherlands: {'continent': 'Europe', 'population': 17137619, 'cases': 53151, 'deaths': 6141, 'tests': 851885}
Austria: {'continent': 'Europe', 'population': 9010036, 'cases': 20558, 'deaths': 713, 'tests': 853169}
Belgium: {'continent': 'Europe', 'population': 11593226, 'cases': 66026, 'deaths': 9821, 'tests': 1562934}
Norway: {'continent': 'Europe', 'population': 5424198, 'cases': 9125, 'deaths': 255, 'tests': 427651}
Sweden: {'continent': 'Europe', 'population': 10103707, 'cases': 78997, 'deaths': 5697, 'tests': 820606}
Canada: {'continent': 'North-America', 'population': 37765087, 'cases': 114175, 'deaths': 8891, 'tests': 3801950}
Denmark: {'continent': 'Europe', 'population': 5793667, 'cases': 13547, 'deaths': 613, 'tests': 1455354}
Portugal: {'continent': 'Europe', 'population': 10194483, 'cases': 50299, 'deaths': 1719, 'tests': 1528600}
Malaysia: {'continent': 'Asia', 'population': 32393909, 'cases': 8904, 'deaths': 124, 'tests': 937645}
Brazil: {'continent': 'South-America', 'population': 212665350, 'cases': 2423798, 'deaths': 87131, 'tests': 12601096}
Australia: {'continent': 'Oceania', 'population': 25519975, 'cases': 14935, 'deaths': 161, 'tests': 3977904}
Japan: {'continent': 'Asia', 'population': 126448497, 'cases': 29382, 'deaths': 996, 'tests': 715283}
Czechia: {'continent': 'Europe', 'population': 10710424, 'cases': 15421, 'deaths': 373, 'tests': 660855}
Turkey: {'continent': 'Asia', 'population': 84398593, 'cases': 226100, 'deaths': 5613, 'tests': 4572688}
Israel: {'continent': 'Asia', 'population': 9197590, 'cases': 63581, 'deaths': 474, 'tests': 1651766}
Ireland: {'continent': 'Europe', 'population': 4941543, 'cases': 25881, 'deaths': 1764, 'tests': 614784}
Diamond-Princess-: {'continent': 'None', 'population': 0, 'cases': 712, 'deaths': 11, 'tests': 0}
Luxembourg: {'continent': 'Europe', 'population': 626646, 'cases': 6321, 'deaths': 112, 'tests': 400903}
Pakistan: {'continent': 'Asia', 'population': 221166730, 'cases': 274289, 'deaths': 5842, 'tests': 1890236}
Chile: {'continent': 'South-America', 'population': 19127587, 'cases': 347923, 'deaths': 9187, 'tests': 1546097}
Poland: {'continent': 'Europe', 'population': 37843543, 'cases': 43402, 'deaths': 1676, 'tests': 2134334}
Ecuador: {'continent': 'South-America', 'population': 17660768, 'cases': 80694, 'deaths': 5515, 'tests': 225293}
Greece: {'continent': 'Europe', 'population': 10419195, 'cases': 4227, 'deaths': 202, 'tests': 451317}
Finland: {'continent': 'Europe', 'population': 5541346, 'cases': 7398, 'deaths': 329, 'tests': 339225}
Qatar: {'continent': 'Asia', 'population': 2807805, 'cases': 109597, 'deaths': 165, 'tests': 477194}
Iceland: {'continent': 'Europe', 'population': 341399, 'cases': 1847, 'deaths': 10, 'tests': 125513}
Indonesia: {'continent': 'Asia', 'population': 273721489, 'cases': 100303, 'deaths': 4838, 'tests': 1394759}
Singapore: {'continent': 'Asia', 'population': 5853551, 'cases': 50838, 'deaths': 27, 'tests': 1170049}
Thailand: {'continent': 'Asia', 'population': 69812645, 'cases': 3295, 'deaths': 58, 'tests': 685316}
Saudi-Arabia: {'continent': 'Asia', 'population': 34849613, 'cases': 268934, 'deaths': 2760, 'tests': 3056956}
Slovenia: {'continent': 'Europe', 'population': 2078959, 'cases': 2087, 'deaths': 116, 'tests': 127940}
Romania: {'continent': 'Europe', 'population': 19227859, 'cases': 45902, 'deaths': 2206, 'tests': 1110534}
India: {'continent': 'Asia', 'population': 1380937553, 'cases': 1482158, 'deaths': 33448, 'tests': 16806803}
Peru: {'continent': 'South-America', 'population': 33002511, 'cases': 384797, 'deaths': 18229, 'tests': 2230247}
Bahrain: {'continent': 'Asia', 'population': 1704881, 'cases': 39131, 'deaths': 141, 'tests': 788910}
Philippines: {'continent': 'Asia', 'population': 109678880, 'cases': 82040, 'deaths': 1945, 'tests': 1359829}
Russia: {'continent': 'Europe', 'population': 145939049, 'cases': 818120, 'deaths': 13354, 'tests': 27141966}
Estonia: {'continent': 'Europe', 'population': 1326600, 'cases': 2034, 'deaths': 69, 'tests': 117044}
Egypt: {'continent': 'Africa', 'population': 102453147, 'cases': 92062, 'deaths': 4606, 'tests': 135000}
Hong-Kong: {'continent': 'Asia', 'population': 7501216, 'cases': 2779, 'deaths': 22, 'tests': 524969}
South-Africa: {'continent': 'Africa', 'population': 59357051, 'cases': 445433, 'deaths': 6769, 'tests': 2773778}
Lebanon: {'continent': 'Asia', 'population': 6823134, 'cases': 3882, 'deaths': 51, 'tests': 268761}
Iraq: {'continent': 'Asia', 'population': 40278833, 'cases': 112585, 'deaths': 4458, 'tests': 929839}
Croatia: {'continent': 'Europe', 'population': 4103333, 'cases': 4881, 'deaths': 139, 'tests': 112834}
Mexico: {'continent': 'North-America', 'population': 129025472, 'cases': 390516, 'deaths': 43680, 'tests': 918381}
Panama: {'continent': 'North-America', 'population': 4319239, 'cases': 60296, 'deaths': 1294, 'tests': 207908}
Colombia: {'continent': 'South-America', 'population': 50918491, 'cases': 248976, 'deaths': 8525, 'tests': 1409124}
Slovakia: {'continent': 'Europe', 'population': 5459836, 'cases': 2181, 'deaths': 28, 'tests': 253691}
Kuwait: {'continent': 'Asia', 'population': 4274759, 'cases': 64379, 'deaths': 438, 'tests': 489566}
Serbia: {'continent': 'Europe', 'population': 8734718, 'cases': 24141, 'deaths': 543, 'tests': 631274}
Bulgaria: {'continent': 'Europe', 'population': 6944559, 'cases': 10427, 'deaths': 340, 'tests': 239294}
San-Marino: {'continent': 'Europe', 'population': 33936, 'cases': 699, 'deaths': 42, 'tests': 5729}
Armenia: {'continent': 'Asia', 'population': 2963645, 'cases': 37390, 'deaths': 711, 'tests': 157466}
Argentina: {'continent': 'South-America', 'population': 45224432, 'cases': 162526, 'deaths': 2956, 'tests': 647714}
Taiwan: {'continent': 'Asia', 'population': 23819907, 'cases': 462, 'deaths': 7, 'tests': 80623}
UAE: {'continent': 'Asia', 'population': 9898488, 'cases': 59177, 'deaths': 345, 'tests': 4875295}
Algeria: {'continent': 'Africa', 'population': 43902249, 'cases': 27973, 'deaths': 1163, 'tests': 0}
Latvia: {'continent': 'Europe', 'population': 1884559, 'cases': 1219, 'deaths': 31, 'tests': 191871}
Costa-Rica: {'continent': 'North-America', 'population': 5097333, 'cases': 15229, 'deaths': 104, 'tests': 79544}
Dominican-Republic: {'continent': 'North-America', 'population': 10855381, 'cases': 64156, 'deaths': 1083, 'tests': 244643}
Uruguay: {'continent': 'South-America', 'population': 3474562, 'cases': 1192, 'deaths': 34, 'tests': 103003}
Hungary: {'continent': 'Europe', 'population': 9658519, 'cases': 4448, 'deaths': 596, 'tests': 328583}
Jordan: {'continent': 'Asia', 'population': 10210096, 'cases': 1176, 'deaths': 11, 'tests': 571390}
Lithuania: {'continent': 'Europe', 'population': 2719254, 'cases': 2019, 'deaths': 80, 'tests': 504056}
Morocco: {'continent': 'Africa', 'population': 36939019, 'cases': 20278, 'deaths': 313, 'tests': 1147173}
Vietnam: {'continent': 'Asia', 'population': 97399175, 'cases': 431, 'deaths': 0, 'tests': 275000}
Bosnia-and-Herzegovina: {'continent': 'Europe', 'population': 3279260, 'cases': 10498, 'deaths': 294, 'tests': 132646}
Faeroe-Islands: {'continent': 'Europe', 'population': 48876, 'cases': 214, 'deaths': 0, 'tests': 33149}
Andorra: {'continent': 'Europe', 'population': 77274, 'cases': 907, 'deaths': 52, 'tests': 3750}
North-Macedonia: {'continent': 'Europe', 'population': 2083368, 'cases': 10213, 'deaths': 466, 'tests': 96194}
Cyprus: {'continent': 'Asia', 'population': 1207974, 'cases': 1057, 'deaths': 19, 'tests': 193712}
Brunei: {'continent': 'Asia', 'population': 437722, 'cases': 141, 'deaths': 3, 'tests': 37058}
Moldova: {'continent': 'Europe', 'population': 4033264, 'cases': 23154, 'deaths': 748, 'tests': 128076}
Sri-Lanka: {'continent': 'Asia', 'population': 21419670, 'cases': 2804, 'deaths': 11, 'tests': 153065}
Albania: {'continent': 'Europe', 'population': 2877564, 'cases': 4880, 'deaths': 144, 'tests': 34477}
Belarus: {'continent': 'Europe', 'population': 9449094, 'cases': 67251, 'deaths': 538, 'tests': 1257399}
Malta: {'continent': 'Europe', 'population': 441628, 'cases': 701, 'deaths': 9, 'tests': 120995}
Venezuela: {'continent': 'South-America', 'population': 28430130, 'cases': 15463, 'deaths': 142, 'tests': 1491737}
Burkina-Faso: {'continent': 'Africa', 'population': 20937561, 'cases': 1100, 'deaths': 53, 'tests': 0}
Tunisia: {'continent': 'Africa', 'population': 11827086, 'cases': 1455, 'deaths': 50, 'tests': 90175}
Guadeloupe: {'continent': 'North-America', 'population': 400128, 'cases': 203, 'deaths': 14, 'tests': 15235}
Senegal: {'continent': 'Africa', 'population': 16770570, 'cases': 9764, 'deaths': 194, 'tests': 105443}
Kazakhstan: {'continent': 'Asia', 'population': 18791918, 'cases': 83122, 'deaths': 585, 'tests': 2064778}
Azerbaijan: {'continent': 'Asia', 'population': 10145499, 'cases': 30446, 'deaths': 423, 'tests': 690386}
Cambodia: {'continent': 'Asia', 'population': 16733787, 'cases': 225, 'deaths': 0, 'tests': 58499}
Palestine: {'continent': 'Asia', 'population': 5108767, 'cases': 10621, 'deaths': 77, 'tests': 155355}
New-Zealand: {'continent': 'Oceania', 'population': 5002100, 'cases': 1556, 'deaths': 22, 'tests': 456227}
Oman: {'continent': 'Asia', 'population': 5114531, 'cases': 77058, 'deaths': 393, 'tests': 300493}
Georgia: {'continent': 'Asia', 'population': 3988597, 'cases': 1137, 'deaths': 16, 'tests': 204356}
Trinidad-and-Tobago: {'continent': 'North-America', 'population': 1399814, 'cases': 148, 'deaths': 8, 'tests': 6550}
Ukraine: {'continent': 'Europe', 'population': 43713713, 'cases': 65656, 'deaths': 1616, 'tests': 970705}
R&eacute;union: {'continent': 'Africa', 'population': 895725, 'cases': 657, 'deaths': 3, 'tests': 35419}
Uzbekistan: {'continent': 'Asia', 'population': 33501443, 'cases': 20952, 'deaths': 119, 'tests': 1377915}
Cameroon: {'continent': 'Africa', 'population': 26584456, 'cases': 16708, 'deaths': 385, 'tests': 145000}
Martinique: {'continent': 'North-America', 'population': 375246, 'cases': 269, 'deaths': 15, 'tests': 12227}
Liechtenstein: {'continent': 'Europe', 'population': 38133, 'cases': 86, 'deaths': 1, 'tests': 900}
Channel-Islands: {'continent': 'Europe', 'population': 173961, 'cases': 584, 'deaths': 47, 'tests': 30721}
Bangladesh: {'continent': 'Asia', 'population': 164802127, 'cases': 226225, 'deaths': 2965, 'tests': 1124417}
Afghanistan: {'continent': 'Asia', 'population': 38983033, 'cases': 36263, 'deaths': 1269, 'tests': 87378}
Honduras: {'continent': 'North-America', 'population': 9914965, 'cases': 39276, 'deaths': 1116, 'tests': 95574}
DRC: {'continent': 'Africa', 'population': 89719980, 'cases': 8844, 'deaths': 208, 'tests': 0}
Nigeria: {'continent': 'Africa', 'population': 206438279, 'cases': 40532, 'deaths': 858, 'tests': 262579}
Cuba: {'continent': 'North-America', 'population': 11326106, 'cases': 2495, 'deaths': 87, 'tests': 247203}
Ghana: {'continent': 'Africa', 'population': 31112174, 'cases': 32969, 'deaths': 168, 'tests': 374612}
Puerto-Rico: {'continent': 'None', 'population': 0, 'cases': 39, 'deaths': 2, 'tests': 0}
Jamaica: {'continent': 'North-America', 'population': 2962090, 'cases': 842, 'deaths': 10, 'tests': 36194}
Bolivia: {'continent': 'South-America', 'population': 11683672, 'cases': 69429, 'deaths': 2583, 'tests': 148857}
Guyana: {'continent': 'South-America', 'population': 786822, 'cases': 370, 'deaths': 20, 'tests': 4273}
Paraguay: {'continent': 'South-America', 'population': 7138218, 'cases': 4444, 'deaths': 41, 'tests': 117562}
Macao: {'continent': 'Asia', 'population': 649709, 'cases': 46, 'deaths': 0, 'tests': 4071}
Monaco: {'continent': 'Europe', 'population': 39260, 'cases': 116, 'deaths': 4, 'tests': 38209}
French-Guiana: {'continent': 'South-America', 'population': 299151, 'cases': 7332, 'deaths': 41, 'tests': 36205}
Guatemala: {'continent': 'North-America', 'population': 17936018, 'cases': 45053, 'deaths': 1734, 'tests': 140501}
Rwanda: {'continent': 'Africa', 'population': 12970988, 'cases': 1821, 'deaths': 5, 'tests': 242129}
Montenegro: {'continent': 'Europe', 'population': 628072, 'cases': 2799, 'deaths': 43, 'tests': 32934}
Togo: {'continent': 'Africa', 'population': 8290735, 'cases': 868, 'deaths': 18, 'tests': 40763}
French-Polynesia: {'continent': 'Oceania', 'population': 280894, 'cases': 62, 'deaths': 0, 'tests': 4649}
Guam: {'continent': 'None', 'population': 0, 'cases': 32, 'deaths': 1, 'tests': 0}
Mauritius: {'continent': 'Africa', 'population': 1271904, 'cases': 344, 'deaths': 10, 'tests': 205285}
Barbados: {'continent': 'North-America', 'population': 287401, 'cases': 110, 'deaths': 7, 'tests': 10403}
Ivory-Coast: {'continent': 'Africa', 'population': 26416469, 'cases': 15596, 'deaths': 96, 'tests': 95105}
Kyrgyzstan: {'continent': 'Asia', 'population': 6531241, 'cases': 33296, 'deaths': 1301, 'tests': 267718}
Maldives: {'continent': 'Asia', 'population': 541136, 'cases': 3302, 'deaths': 15, 'tests': 70845}
Mayotte: {'continent': 'Africa', 'population': 273220, 'cases': 2862, 'deaths': 38, 'tests': 13000}
Gibraltar: {'continent': 'Europe', 'population': 33690, 'cases': 185, 'deaths': 0, 'tests': 19731}
Mongolia: {'continent': 'Asia', 'population': 3281756, 'cases': 288, 'deaths': 0, 'tests': 33392}
Ethiopia: {'continent': 'Africa', 'population': 115137892, 'cases': 14547, 'deaths': 228, 'tests': 389348}
Kenya: {'continent': 'Africa', 'population': 53845480, 'cases': 17603, 'deaths': 280, 'tests': 276415}
Seychelles: {'continent': 'Africa', 'population': 98388, 'cases': 114, 'deaths': 0, 'tests': 0}
Equatorial-Guinea: {'continent': 'Africa', 'population': 1405229, 'cases': 3071, 'deaths': 51, 'tests': 16000}
Tanzania: {'continent': 'Africa', 'population': 0, 'cases': 509, 'deaths': 21, 'tests': 0}
US-Virgin-Islands: {'continent': 'None', 'population': 0, 'cases': 17, 'deaths': 0, 'tests': 0}
Gabon: {'continent': 'Africa', 'population': 2228837, 'cases': 6984, 'deaths': 49, 'tests': 67767}
Aruba: {'continent': 'North-America', 'population': 106798, 'cases': 119, 'deaths': 3, 'tests': 10111}
Saint-Martin: {'continent': 'North-America', 'population': 38705, 'cases': 49, 'deaths': 3, 'tests': 1080}
Suriname: {'continent': 'South-America', 'population': 586996, 'cases': 1439, 'deaths': 23, 'tests': 1244}
Bahamas: {'continent': 'North-America', 'population': 393493, 'cases': 342, 'deaths': 11, 'tests': 3966}
New-Caledonia: {'continent': 'Oceania', 'population': 285665, 'cases': 22, 'deaths': 0, 'tests': 10119}
Cayman-Islands: {'continent': 'North-America', 'population': 65772, 'cases': 203, 'deaths': 1, 'tests': 28904}
Cura&ccedil;ao: {'continent': 'North-America', 'population': 164136, 'cases': 29, 'deaths': 1, 'tests': 1080}
Cabo-Verde: {'continent': 'Africa', 'population': 556383, 'cases': 2307, 'deaths': 22, 'tests': 41634}
CAR: {'continent': 'Africa', 'population': 4834996, 'cases': 4599, 'deaths': 59, 'tests': 29202}
Congo: {'continent': 'Africa', 'population': 5525295, 'cases': 3038, 'deaths': 51, 'tests': 0}
El-Salvador: {'continent': 'North-America', 'population': 6488532, 'cases': 15035, 'deaths': 408, 'tests': 229186}
Liberia: {'continent': 'Africa', 'population': 5065036, 'cases': 1167, 'deaths': 72, 'tests': 0}
Madagascar: {'continent': 'Africa', 'population': 27734243, 'cases': 9690, 'deaths': 91, 'tests': 38587}
Namibia: {'continent': 'Africa', 'population': 2543879, 'cases': 1843, 'deaths': 8, 'tests': 23140}
St-Barth: {'continent': 'North-America', 'population': 9879, 'cases': 7, 'deaths': 0, 'tests': 1246}
Zimbabwe: {'continent': 'Africa', 'population': 14876706, 'cases': 2512, 'deaths': 34, 'tests': 119866}
Sudan: {'continent': 'Africa', 'population': 43907075, 'cases': 11385, 'deaths': 717, 'tests': 401}
Angola: {'continent': 'Africa', 'population': 32922623, 'cases': 932, 'deaths': 40, 'tests': 10000}
Benin: {'continent': 'Africa', 'population': 12141530, 'cases': 1770, 'deaths': 35, 'tests': 80527}
Bermuda: {'continent': 'North-America', 'population': 62263, 'cases': 153, 'deaths': 9, 'tests': 18320}
Bhutan: {'continent': 'Asia', 'population': 772187, 'cases': 95, 'deaths': 0, 'tests': 41477}
Fiji: {'continent': 'Oceania', 'population': 896776, 'cases': 27, 'deaths': 0, 'tests': 4000}
Greenland: {'continent': 'North-America', 'population': 56777, 'cases': 14, 'deaths': 0, 'tests': 5742}
Guinea: {'continent': 'Africa', 'population': 13153183, 'cases': 7008, 'deaths': 43, 'tests': 14407}
Haiti: {'continent': 'North-America', 'population': 11411926, 'cases': 7315, 'deaths': 157, 'tests': 17129}
Isle-of-Man: {'continent': 'Europe', 'population': 85065, 'cases': 336, 'deaths': 24, 'tests': 7843}
Mauritania: {'continent': 'Africa', 'population': 4656707, 'cases': 6171, 'deaths': 156, 'tests': 57253}
Nicaragua: {'continent': 'North-America', 'population': 6628603, 'cases': 3439, 'deaths': 108, 'tests': 0}
Saint-Lucia: {'continent': 'North-America', 'population': 183682, 'cases': 24, 'deaths': 0, 'tests': 2934}
Zambia: {'continent': 'Africa', 'population': 18414595, 'cases': 4552, 'deaths': 140, 'tests': 76072}
Nepal: {'continent': 'Asia', 'population': 29170716, 'cases': 18752, 'deaths': 48, 'tests': 659677}
Antigua-and-Barbuda: {'continent': 'North-America', 'population': 97979, 'cases': 82, 'deaths': 3, 'tests': 1189}
Chad: {'continent': 'Africa', 'population': 16453742, 'cases': 922, 'deaths': 75, 'tests': 0}
Djibouti: {'continent': 'Africa', 'population': 988955, 'cases': 5050, 'deaths': 58, 'tests': 55983}
Eritrea: {'continent': 'Africa', 'population': 3549431, 'cases': 263, 'deaths': 0, 'tests': 0}
Gambia: {'continent': 'Africa', 'population': 2420333, 'cases': 277, 'deaths': 6, 'tests': 4515}
Vatican-City: {'continent': 'Europe', 'population': 801, 'cases': 12, 'deaths': 0, 'tests': 0}
Montserrat: {'continent': 'North-America', 'population': 4992, 'cases': 12, 'deaths': 1, 'tests': 61}
Niger: {'continent': 'Africa', 'population': 24254937, 'cases': 1136, 'deaths': 69, 'tests': 9052}
Papua-New-Guinea: {'continent': 'Oceania', 'population': 8957444, 'cases': 62, 'deaths': 0, 'tests': 10000}
St-Vincent-Grenadines: {'continent': 'North-America', 'population': 110964, 'cases': 52, 'deaths': 0, 'tests': 1834}
Sint-Maarten: {'continent': 'North-America', 'population': 42909, 'cases': 114, 'deaths': 15, 'tests': 634}
Somalia: {'continent': 'Africa', 'population': 15917202, 'cases': 3178, 'deaths': 93, 'tests': 0}
Eswatini: {'continent': 'Africa', 'population': 1160954, 'cases': 2207, 'deaths': 32, 'tests': 20784}
Timor-Leste: {'continent': 'Asia', 'population': 1316345, 'cases': 24, 'deaths': 0, 'tests': 1568}
Uganda: {'continent': 'Africa', 'population': 45820261, 'cases': 1115, 'deaths': 2, 'tests': 260465}
All: {'continent': 'All', 'population': 0, 'cases': 16533132, 'deaths': 654025, 'tests': 0}
Mozambique: {'continent': 'Africa', 'population': 31305140, 'cases': 1669, 'deaths': 11, 'tests': 52422}
Syria: {'continent': 'Asia', 'population': 17526786, 'cases': 674, 'deaths': 40, 'tests': 0}
Grenada: {'continent': 'North-America', 'population': 112520, 'cases': 23, 'deaths': 0, 'tests': 5465}
Dominica: {'continent': 'North-America', 'population': 71997, 'cases': 18, 'deaths': 0, 'tests': 1005}
Turks-and-Caicos: {'continent': 'North-America', 'population': 38751, 'cases': 97, 'deaths': 2, 'tests': 1103}
Belize: {'continent': 'North-America', 'population': 398055, 'cases': 48, 'deaths': 2, 'tests': 3166}
Myanmar: {'continent': 'Asia', 'population': 54435444, 'cases': 350, 'deaths': 6, 'tests': 110526}
Laos: {'continent': 'Asia', 'population': 7282576, 'cases': 20, 'deaths': 0, 'tests': 25875}
Libya: {'continent': 'Africa', 'population': 6877544, 'cases': 2827, 'deaths': 64, 'tests': 47038}
Mali: {'continent': 'Africa', 'population': 20285299, 'cases': 2513, 'deaths': 124, 'tests': 21698}
Guinea-Bissau: {'continent': 'Africa', 'population': 1970876, 'cases': 1954, 'deaths': 26, 'tests': 1500}
British-Virgin-Islands: {'continent': 'North-America', 'population': 30232, 'cases': 8, 'deaths': 1, 'tests': 439}
Saint-Kitts-and-Nevis: {'continent': 'North-America', 'population': 53222, 'cases': 17, 'deaths': 0, 'tests': 948}
Anguilla: {'continent': 'North-America', 'population': 15007, 'cases': 3, 'deaths': 0, 'tests': 380}
MS-Zaandam-: {'continent': 'None', 'population': 0, 'cases': 9, 'deaths': 2, 'tests': 0}
MS-Zaandam: {'continent': 'None', 'population': 0, 'cases': 9, 'deaths': 2, 'tests': 0}
Botswana: {'continent': 'Africa', 'population': 2354646, 'cases': 739, 'deaths': 2, 'tests': 66744}
Sierra-Leone: {'continent': 'Africa', 'population': 7987284, 'cases': 1783, 'deaths': 66, 'tests': 0}
Burundi: {'continent': 'Africa', 'population': 11910554, 'cases': 361, 'deaths': 1, 'tests': 13105}
Caribbean-Netherlands: {'continent': 'North-America', 'population': 26238, 'cases': 11, 'deaths': 0, 'tests': 424}
Malawi: {'continent': 'Africa', 'population': 19159933, 'cases': 3664, 'deaths': 99, 'tests': 27596}
Falkland-Islands: {'continent': 'South-America', 'population': 3486, 'cases': 13, 'deaths': 0, 'tests': 1816}
Western-Sahara: {'continent': 'Africa', 'population': 596831, 'cases': 10, 'deaths': 1, 'tests': 0}
South-Sudan: {'continent': 'Africa', 'population': 11202629, 'cases': 2305, 'deaths': 46, 'tests': 12044}
Saint-Pierre-Miquelon: {'continent': 'North-America', 'population': 5792, 'cases': 4, 'deaths': 0, 'tests': 0}
Sao-Tome-and-Principe: {'continent': 'Africa', 'population': 219421, 'cases': 863, 'deaths': 14, 'tests': 2789}
North-America: {'continent': 'North-America', 'population': 0, 'cases': 5156393, 'deaths': 208779, 'tests': 0}
Europe: {'continent': 'Europe', 'population': 0, 'cases': 2789896, 'deaths': 201631, 'tests': 0}
Asia: {'continent': 'Asia', 'population': 0, 'cases': 3968299, 'deaths': 91148, 'tests': 0}
South-America: {'continent': 'South-America', 'population': 0, 'cases': 3748396, 'deaths': 134427, 'tests': 0}
Oceania: {'continent': 'Oceania', 'population': 0, 'cases': 16664, 'deaths': 183, 'tests': 0}
Africa: {'continent': 'Africa', 'population': 0, 'cases': 852763, 'deaths': 17842, 'tests': 0}
Diamond-Princess: {'continent': 'None', 'population': 0, 'cases': 712, 'deaths': 13, 'tests': 0}
Yemen: {'continent': 'Asia', 'population': 29865309, 'cases': 1681, 'deaths': 479, 'tests': 120}
Tajikistan: {'continent': 'Asia', 'population': 9551014, 'cases': 7235, 'deaths': 60, 'tests': 0}
Comoros: {'continent': 'Africa', 'population': 870717, 'cases': 354, 'deaths': 7, 'tests': 0}
Lesotho: {'continent': 'Africa', 'population': 2143387, 'cases': 505, 'deaths': 12, 'tests': 7463}
